0.3263 	WARNING 	We strongly recommend you activate the PTB sound engine in PsychoPy prefs as the preferred audio engine. Its timing is vastly superior. Your prefs are currently set to use ['sounddevice', 'PTB', 'pyo', 'pygame'] (in that order).
5.9098 	WARNING 	User requested fullscreen with size [1280  720], but screen is actually [1920, 1080]. Using actual size
6.8455 	EXP 	Created window1 = Window(allowGUI=False, allowStencil=False, autoLog=True, backendConf=UNKNOWN, bitsMode=UNKNOWN, blendMode='avg', bpc=(8, 8, 8), color=array([0, 0, 0]), colorSpace='rgb', depthBits=8, fullscr=<method-wrapper '__getattribute__' of attributeSetter object at 0x0000023A33ED8160>, gamma=None, gammaErrorPolicy='raise', lms=UNKNOWN, monitor=<psychopy.monitors.calibTools.Monitor object at 0x0000023A33F5A390>, multiSample=False, name='window1', numSamples=2, pos=[0.0, 0.0], screen=0, size=array([1920, 1080]), stencilBits=0, stereo=False, units='height', useFBO=True, useRetina=False, viewOri=0.0, viewPos=None, viewScale=None, waitBlanking=True, winType='pyglet')
6.8458 	EXP 	window1: mouseVisible = True
6.8458 	EXP 	window1: recordFrameIntervals = False
6.9286 	EXP 	window1: recordFrameIntervals = True
7.0207 	EXP 	window1: recordFrameIntervals = False
7.1775 	EXP 	window1: mouseVisible = False
7.2112 	EXP 	Created text_wait = TextStim(__class__=<class 'psychopy.visual.text.TextStim'>, alignHoriz=method-wrapper(...), alignText='center', alignVert=method-wrapper(...), anchorHoriz='center', anchorVert='center', antialias=True, autoLog=True, bold=False, color=array([1, 1, 1]), colorSpace='rgb', contrast=1.0, depth=0.0, flipHoriz=False, flipVert=False, font='Arial', fontFiles=[], height=0.06, italic=False, languageStyle='LTR', name='text_wait', opacity=1, ori=0, pos=array([0., 0.]), rgb=UNKNOWN, text='Warten auf Scanner...', units='height', win=Window(...), wrapWidth=1)
8.3795 	DATA 	Keypress: a
8.4189 	EXP 	Created text_intro = TextStim(__class__=<class 'psychopy.visual.text.TextStim'>, alignHoriz=method-wrapper(...), alignText='center', alignVert=method-wrapper(...), anchorHoriz='center', anchorVert='center', antialias=True, autoLog=True, bold=False, color=array([1, 1, 1]), colorSpace='rgb', contrast=1.0, depth=-1.0, flipHoriz=False, flipVert=False, font='Arial', fontFiles=[], height=0.06, italic=False, languageStyle='LTR', name='text_intro', opacity=1, ori=0, pos=array([0., 0.]), rgb=UNKNOWN, text=str(...), units='height', win=Window(...), wrapWidth=500)
8.4234 	EXP 	Created text_probe = TextStim(__class__=<class 'psychopy.visual.text.TextStim'>, alignHoriz=method-wrapper(...), alignText='center', alignVert=method-wrapper(...), anchorHoriz='center', anchorVert='center', antialias=True, autoLog=True, bold=False, color=array([1, 1, 1]), colorSpace='rgb', contrast=1.0, depth=-2.0, flipHoriz=False, flipVert=False, font='Arial', fontFiles=[], height=0.06, italic=False, languageStyle='LTR', name='text_probe', opacity=1, ori=0, pos=array([0., 0.]), rgb=UNKNOWN, text='Es geht los mit einer Proberunde', units='height', win=Window(...), wrapWidth=500)
8.4250 	EXP 	Created polygon_ISI = ShapeStim(__class__=<class 'psychopy.visual.shape.ShapeStim'>, autoDraw=False, autoLog=True, closeShape=True, color=method-wrapper(...), colorSpace='rgb', contrast=None, depth=0.0, fillColor=array([0, 0, 0]), fillColorSpace='rgb', fillRGB=UNKNOWN, interpolate=True, lineColor=array([0, 0, 0]), lineColorSpace='rgb', lineRGB=UNKNOWN, lineWidth=1, name='polygon_ISI', opacity=1, ori=0.0, pos=array([0., 0.]), size=array([0.5, 0.5]), units='height', vertices=ndarray(...), win=Window(...), windingRule=None)
8.4259 	EXP 	Created polygon = ShapeStim(__class__=<class 'psychopy.visual.shape.ShapeStim'>, autoDraw=False, autoLog=True, closeShape=True, color=method-wrapper(...), colorSpace='rgb', contrast=None, depth=0.0, fillColor=array([1, 1, 1]), fillColorSpace='rgb', fillRGB=UNKNOWN, interpolate=True, lineColor=array([1, 1, 1]), lineColorSpace='rgb', lineRGB=UNKNOWN, lineWidth=1, name='polygon', opacity=1, ori=0.0, pos=array([0., 0.]), size=array([0.1, 0.1]), units='height', vertices=ndarray(...), win=Window(...), windingRule=None)
8.4286 	EXP 	Created primerImage = ImageStim(__class__=<class 'psychopy.visual.image.ImageStim'>, autoLog=True, color=array([1, 1, 1]), colorSpace='rgb', contrast=1.0, depth=-4.0, flipHoriz=False, flipVert=False, image='sin', interpolate=True, mask=None, maskParams=None, name='primerImage', opacity=1, ori=0.0, pos=array([0., 0.]), size=array([0.4  , 0.484]), texRes=512, units='height', win=Window(...))
8.4344 	EXP 	Created response = TextStim(__class__=<class 'psychopy.visual.text.TextStim'>, alignHoriz=method-wrapper(...), alignText='center', alignVert=method-wrapper(...), anchorHoriz='center', anchorVert='center', antialias=True, autoLog=True, bold=False, color=array([1, 1, 1]), colorSpace='rgb', contrast=1.0, depth=-5.0, flipHoriz=False, flipVert=False, font='Arial', fontFiles=[], height=0.06, italic=False, languageStyle='LTR', name='response', opacity=1, ori=0, pos=array([0., 0.]), rgb=UNKNOWN, text=str(...), units='height', win=Window(...), wrapWidth=500)
8.4390 	EXP 	Created slider_Text = TextStim(__class__=<class 'psychopy.visual.text.TextStim'>, alignHoriz=method-wrapper(...), alignText='center', alignVert=method-wrapper(...), anchorHoriz='center', anchorVert='center', antialias=True, autoLog=True, bold=False, color=array([1, 1, 1]), colorSpace='rgb', contrast=1.0, depth=0.0, flipHoriz=False, flipVert=False, font='Arial', fontFiles=[], height=0.06, italic=False, languageStyle='LTR', name='slider_Text', opacity=1, ori=0, pos=array([0., 0.]), rgb=UNKNOWN, text=str(...), units='height', win=Window(...), wrapWidth=1)
8.4426 	EXP 	window1: mouseVisible = True
8.4464 	EXP 	Created slider_ex = Slider(__class__=<class 'psychopy.visual.slider.Slider'>, autoDraw=False, autoLog=True, borderColor=None, color=None, colorSpace='rgb', depth=-1, fillColor=None, flip=False, font='HelveticaBold', granularity=0, labelHeight=0.05, labelWrapWidth=None, labels=None, name='slider_ex', opacity=None, pos=(0, -0.4), readOnly=False, self=UNKNOWN, size=(1.0, 0.1), style=method-wrapper(...), styleTweaks=method-wrapper(...), ticks=array([1, 2, 3, 4, 5, 6, 7, 8, 9]), units='height', win=Window(...))
8.4519 	EXP 	Created text_start = TextStim(__class__=<class 'psychopy.visual.text.TextStim'>, alignHoriz=method-wrapper(...), alignText='center', alignVert=method-wrapper(...), anchorHoriz='center', anchorVert='center', antialias=True, autoLog=True, bold=False, color=array([1, 1, 1]), colorSpace='rgb', contrast=1.0, depth=0.0, flipHoriz=False, flipVert=False, font='Arial', fontFiles=[], height=0.06, italic=False, languageStyle='LTR', name='text_start', opacity=1, ori=0, pos=array([0., 0.]), rgb=UNKNOWN, text='Jetzt geht es los...', units='height', win=Window(...), wrapWidth=1)
8.4529 	EXP 	Created polygon_ISI = ShapeStim(__class__=<class 'psychopy.visual.shape.ShapeStim'>, autoDraw=False, autoLog=True, closeShape=True, color=method-wrapper(...), colorSpace='rgb', contrast=None, depth=0.0, fillColor=array([0, 0, 0]), fillColorSpace='rgb', fillRGB=UNKNOWN, interpolate=True, lineColor=array([0, 0, 0]), lineColorSpace='rgb', lineRGB=UNKNOWN, lineWidth=1, name='polygon_ISI', opacity=1, ori=0.0, pos=array([0., 0.]), size=array([0.5, 0.5]), units='height', vertices=ndarray(...), win=Window(...), windingRule=None)
8.4538 	EXP 	Created polygon = ShapeStim(__class__=<class 'psychopy.visual.shape.ShapeStim'>, autoDraw=False, autoLog=True, closeShape=True, color=method-wrapper(...), colorSpace='rgb', contrast=None, depth=0.0, fillColor=array([1, 1, 1]), fillColorSpace='rgb', fillRGB=UNKNOWN, interpolate=True, lineColor=array([1, 1, 1]), lineColorSpace='rgb', lineRGB=UNKNOWN, lineWidth=1, name='polygon', opacity=1, ori=0.0, pos=array([0., 0.]), size=array([0.1, 0.1]), units='height', vertices=ndarray(...), win=Window(...), windingRule=None)
8.4559 	EXP 	Created primerImage = ImageStim(__class__=<class 'psychopy.visual.image.ImageStim'>, autoLog=True, color=array([1, 1, 1]), colorSpace='rgb', contrast=1.0, depth=-4.0, flipHoriz=False, flipVert=False, image='sin', interpolate=True, mask=None, maskParams=None, name='primerImage', opacity=1, ori=0.0, pos=array([0., 0.]), size=array([0.4  , 0.484]), texRes=512, units='height', win=Window(...))
8.4597 	EXP 	Created response = TextStim(__class__=<class 'psychopy.visual.text.TextStim'>, alignHoriz=method-wrapper(...), alignText='center', alignVert=method-wrapper(...), anchorHoriz='center', anchorVert='center', antialias=True, autoLog=True, bold=False, color=array([1, 1, 1]), colorSpace='rgb', contrast=1.0, depth=-5.0, flipHoriz=False, flipVert=False, font='Arial', fontFiles=[], height=0.06, italic=False, languageStyle='LTR', name='response', opacity=1, ori=0, pos=array([0., 0.]), rgb=UNKNOWN, text=str(...), units='height', win=Window(...), wrapWidth=500)
8.4644 	EXP 	Created text_slider = TextStim(__class__=<class 'psychopy.visual.text.TextStim'>, alignHoriz=method-wrapper(...), alignText='center', alignVert=method-wrapper(...), anchorHoriz='center', anchorVert='center', antialias=True, autoLog=True, bold=False, color=array([1, 1, 1]), colorSpace='rgb', contrast=1.0, depth=0.0, flipHoriz=False, flipVert=False, font='Arial', fontFiles=[], height=0.06, italic=False, languageStyle='LTR', name='text_slider', opacity=1, ori=0, pos=array([0., 0.]), rgb=UNKNOWN, text=str(...), units='height', win=Window(...), wrapWidth=1)
8.4658 	EXP 	window1: mouseVisible = True
8.4691 	EXP 	Created slider_stud = Slider(__class__=<class 'psychopy.visual.slider.Slider'>, autoDraw=False, autoLog=True, borderColor=None, color=None, colorSpace='rgb', depth=-1, fillColor=None, flip=False, font='HelveticaBold', granularity=0, labelHeight=0.05, labelWrapWidth=None, labels=None, name='slider_stud', opacity=None, pos=(0, -0.4), readOnly=False, self=UNKNOWN, size=(1.0, 0.1), style=method-wrapper(...), styleTweaks=method-wrapper(...), ticks=array([1, 2, 3, 4, 5, 6, 7, 8, 9]), units='height', win=Window(...))
8.4738 	EXP 	Created text_ende = TextStim(__class__=<class 'psychopy.visual.text.TextStim'>, alignHoriz=method-wrapper(...), alignText='center', alignVert=method-wrapper(...), anchorHoriz='center', anchorVert='center', antialias=True, autoLog=True, bold=False, color=array([1, 1, 1]), colorSpace='rgb', contrast=1.0, depth=0.0, flipHoriz=False, flipVert=False, font='Arial', fontFiles=[], height=0.06, italic=False, languageStyle='LTR', name='text_ende', opacity=1, ori=0, pos=array([0., 0.]), rgb=UNKNOWN, text='Das wars!\nVielen Dank!', units='height', win=Window(...), wrapWidth=1)
8.4865 	EXP 	slider_ex: autoLog = True
8.4865 	EXP 	slider_ex: markerPos = None
8.4865 	EXP 	slider_ex: rating = None
8.4865 	EXP 	slider_ex: markerPos = None
8.4865 	EXP 	slider_ex: contrast = 1.0
8.4865 	EXP 	slider_ex: autoLog = True
8.4865 	EXP 	slider_ex: styleTweaks = []
8.4865 	EXP 	slider_ex: styleTweaks = ['w', 'h', 'i', 't', 'e', 'O', 'n', 'B', 'l', 'a', 'c', 'k']
8.4865 	EXP 	slider_ex: style = ['rating', 'whiteOnBlack']
8.4865 	EXP 	slider_ex: styleTweaks = ['w', 'h', 'i', 't', 'e', 'O', 'n', 'B', 'l', 'a', 'c', 'k']
8.4865 	EXP 	slider_stud: autoLog = True
8.4865 	EXP 	slider_stud: markerPos = None
8.4865 	EXP 	slider_stud: rating = None
8.4865 	EXP 	slider_stud: markerPos = None
8.4865 	EXP 	slider_stud: contrast = 1.0
8.4865 	EXP 	slider_stud: autoLog = True
8.4865 	EXP 	slider_stud: styleTweaks = []
8.4865 	EXP 	slider_stud: styleTweaks = ['w', 'h', 'i', 't', 'e', 'O', 'n', 'B', 'l', 'a', 'c', 'k']
8.4865 	EXP 	slider_stud: style = ['rating', 'whiteOnBlack']
8.4865 	EXP 	slider_stud: styleTweaks = ['w', 'h', 'i', 't', 'e', 'O', 'n', 'B', 'l', 'a', 'c', 'k']
8.4865 	EXP 	text_intro: autoDraw = True
10.4864 	EXP 	text_intro: autoDraw = False
10.4864 	EXP 	text_probe: autoDraw = True
12.4919 	EXP 	Imported Datasheet_VideoMask_Example_rand.xlsx as conditions, 2 conditions, 12 params
12.4921 	EXP 	Created sequence: sequential, trialTypes=2, nReps=1, seed=None
12.4924 	EXP 	New trial (rep=0, index=0): {'primePerson': 1111, 'primeGender': 'm', 'prime': '1111_m_m_h_a.jpg', 'primeEmotion': 'happy', 'corrAnsPrime': 9, 'target': 'example_30.4ns.avi', 'targetEmotion': 'neutral', 'corrAnsTar': 7, 'Cond': 'incongruent', 'ID_Primer': 120.0, 'ID_Target': 170.0, 'JitterTime': 189.5874364012288}
12.5031 	EXP 	text_intro: autoDraw = False
12.5031 	EXP 	text_probe: autoDraw = False
12.5031 	EXP 	polygon_ISI: autoDraw = True
14.5380 	EXP 	Created movie = MovieStim3(__class__=<class 'psychopy.visual.movie3.MovieStim3'>, autoLog=True, color=UNKNOWN, colorSpace=UNKNOWN, depth=-2.0, filename='example_30.4ns.avi', flipHoriz=False, flipVert=False, fps=UNKNOWN, interpolate=True, loop=False, name='movie', noAudio=False, opacity=1, ori=method-wrapper(...), pos=array([0., 0.]), size=method-wrapper(...), units='pix', vframe_callback=UNKNOWN, volume=UNKNOWN, win=Window(...))
14.7780 	EXP 	polygon_ISI: autoDraw = False
14.7780 	EXP 	polygon_ISI: autoDraw = False
14.7780 	EXP 	movie: autoLog = True
14.7780 	EXP 	movie: movie = 'example_30.4ns.avi'
14.7780 	EXP 	movie: size = array([1280.,  720.])
14.7780 	EXP 	movie: ori = 0
14.7780 	EXP 	primerImage: image = '1111_m_m_h_a.jpg'
14.7780 	EXP 	polygon: autoDraw = True
15.1113 	EXP 	polygon: autoDraw = False
15.1113 	EXP 	movie: autoDraw = True
16.2612 	EXP 	primerImage: autoDraw = True
16.2778 	EXP 	primerImage: autoDraw = False
16.6080 	EXP 	window1: mouseVisible = True
