0.3116 	WARNING 	We strongly recommend you activate the PTB sound engine in PsychoPy prefs as the preferred audio engine. Its timing is vastly superior. Your prefs are currently set to use ['sounddevice', 'PTB', 'pyo', 'pygame'] (in that order).
16.4621 	WARNING 	Requested an unavailable screen number - using first available.
16.4648 	WARNING 	User requested fullscreen with size [1280  720], but screen is actually [1920, 1080]. Using actual size
17.3616 	EXP 	Created window1 = Window(allowGUI=False, allowStencil=False, autoLog=True, backendConf=UNKNOWN, bitsMode=UNKNOWN, blendMode='avg', bpc=(8, 8, 8), color=array([0, 0, 0]), colorSpace='rgb', depthBits=8, fullscr=<method-wrapper '__getattribute__' of attributeSetter object at 0x00000282FD02C470>, gamma=None, gammaErrorPolicy='raise', lms=UNKNOWN, monitor=<psychopy.monitors.calibTools.Monitor object at 0x00000282FD0C16A0>, multiSample=False, name='window1', numSamples=2, pos=[0.0, 0.0], screen=1, size=array([1920, 1080]), stencilBits=0, stereo=False, units='height', useFBO=True, useRetina=False, viewOri=0.0, viewPos=None, viewScale=None, waitBlanking=True, winType='pyglet')
17.3620 	EXP 	window1: mouseVisible = True
17.3620 	EXP 	window1: recordFrameIntervals = False
17.4447 	EXP 	window1: recordFrameIntervals = True
17.5366 	EXP 	window1: recordFrameIntervals = False
17.6999 	EXP 	window1: mouseVisible = False
17.7337 	EXP 	Created text_wait = TextStim(__class__=<class 'psychopy.visual.text.TextStim'>, alignHoriz=method-wrapper(...), alignText='center', alignVert=method-wrapper(...), anchorHoriz='center', anchorVert='center', antialias=True, autoLog=True, bold=False, color=array([1, 1, 1]), colorSpace='rgb', contrast=1.0, depth=0.0, flipHoriz=False, flipVert=False, font='Arial', fontFiles=[], height=0.06, italic=False, languageStyle='LTR', name='text_wait', opacity=1, ori=0, pos=array([0., 0.]), rgb=UNKNOWN, text='Warten auf Scanner...', units='height', win=Window(...), wrapWidth=1)
83.2437 	DATA 	Keypress: a
83.2841 	EXP 	Created text_intro = TextStim(__class__=<class 'psychopy.visual.text.TextStim'>, alignHoriz=method-wrapper(...), alignText='center', alignVert=method-wrapper(...), anchorHoriz='center', anchorVert='center', antialias=True, autoLog=True, bold=False, color=array([1, 1, 1]), colorSpace='rgb', contrast=1.0, depth=-1.0, flipHoriz=False, flipVert=False, font='Arial', fontFiles=[], height=0.06, italic=False, languageStyle='LTR', name='text_intro', opacity=1, ori=0, pos=array([0., 0.]), rgb=UNKNOWN, text=str(...), units='height', win=Window(...), wrapWidth=500)
83.2892 	EXP 	Created text_probe = TextStim(__class__=<class 'psychopy.visual.text.TextStim'>, alignHoriz=method-wrapper(...), alignText='center', alignVert=method-wrapper(...), anchorHoriz='center', anchorVert='center', antialias=True, autoLog=True, bold=False, color=array([1, 1, 1]), colorSpace='rgb', contrast=1.0, depth=-2.0, flipHoriz=False, flipVert=False, font='Arial', fontFiles=[], height=0.06, italic=False, languageStyle='LTR', name='text_probe', opacity=1, ori=0, pos=array([0., 0.]), rgb=UNKNOWN, text='Es geht los mit einer Proberunde', units='height', win=Window(...), wrapWidth=500)
83.2907 	EXP 	Created polygon_ISI = ShapeStim(__class__=<class 'psychopy.visual.shape.ShapeStim'>, autoDraw=False, autoLog=True, closeShape=True, color=method-wrapper(...), colorSpace='rgb', contrast=None, depth=0.0, fillColor=array([0, 0, 0]), fillColorSpace='rgb', fillRGB=UNKNOWN, interpolate=True, lineColor=array([0, 0, 0]), lineColorSpace='rgb', lineRGB=UNKNOWN, lineWidth=1, name='polygon_ISI', opacity=1, ori=0.0, pos=array([0., 0.]), size=array([0.5, 0.5]), units='height', vertices=ndarray(...), win=Window(...), windingRule=None)
83.2916 	EXP 	Created polygon = ShapeStim(__class__=<class 'psychopy.visual.shape.ShapeStim'>, autoDraw=False, autoLog=True, closeShape=True, color=method-wrapper(...), colorSpace='rgb', contrast=None, depth=0.0, fillColor=array([1, 1, 1]), fillColorSpace='rgb', fillRGB=UNKNOWN, interpolate=True, lineColor=array([1, 1, 1]), lineColorSpace='rgb', lineRGB=UNKNOWN, lineWidth=1, name='polygon', opacity=1, ori=0.0, pos=array([0., 0.]), size=array([0.1, 0.1]), units='height', vertices=ndarray(...), win=Window(...), windingRule=None)
83.2942 	EXP 	Created primerImage = ImageStim(__class__=<class 'psychopy.visual.image.ImageStim'>, autoLog=True, color=array([1, 1, 1]), colorSpace='rgb', contrast=1.0, depth=-4.0, flipHoriz=False, flipVert=False, image='sin', interpolate=True, mask=None, maskParams=None, name='primerImage', opacity=1, ori=0.0, pos=array([0., 0.]), size=array([0.4  , 0.484]), texRes=512, units='height', win=Window(...))
83.2999 	EXP 	Created response = TextStim(__class__=<class 'psychopy.visual.text.TextStim'>, alignHoriz=method-wrapper(...), alignText='center', alignVert=method-wrapper(...), anchorHoriz='center', anchorVert='center', antialias=True, autoLog=True, bold=False, color=array([1, 1, 1]), colorSpace='rgb', contrast=1.0, depth=-5.0, flipHoriz=False, flipVert=False, font='Arial', fontFiles=[], height=0.06, italic=False, languageStyle='LTR', name='response', opacity=1, ori=0, pos=array([0., 0.]), rgb=UNKNOWN, text=str(...), units='height', win=Window(...), wrapWidth=500)
83.3046 	EXP 	Created slider_Text = TextStim(__class__=<class 'psychopy.visual.text.TextStim'>, alignHoriz=method-wrapper(...), alignText='center', alignVert=method-wrapper(...), anchorHoriz='center', anchorVert='center', antialias=True, autoLog=True, bold=False, color=array([1, 1, 1]), colorSpace='rgb', contrast=1.0, depth=0.0, flipHoriz=False, flipVert=False, font='Arial', fontFiles=[], height=0.06, italic=False, languageStyle='LTR', name='slider_Text', opacity=1, ori=0, pos=array([0., 0.]), rgb=UNKNOWN, text=str(...), units='height', win=Window(...), wrapWidth=1)
83.3078 	EXP 	window1: mouseVisible = True
83.3256 	EXP 	Created slider_ex = Slider(__class__=<class 'psychopy.visual.slider.Slider'>, autoDraw=False, autoLog=True, borderColor=None, color=None, colorSpace='rgb', depth=-1, fillColor=None, flip=False, font='HelveticaBold', granularity=0, labelHeight=0.05, labelWrapWidth=None, labels=None, name='slider_ex', opacity=None, pos=(0, -0.4), readOnly=False, self=UNKNOWN, size=(1.0, 0.1), style=method-wrapper(...), styleTweaks=method-wrapper(...), ticks=array([1, 2, 3, 4, 5, 6, 7, 8, 9]), units='height', win=Window(...))
83.3309 	EXP 	Created text_start = TextStim(__class__=<class 'psychopy.visual.text.TextStim'>, alignHoriz=method-wrapper(...), alignText='center', alignVert=method-wrapper(...), anchorHoriz='center', anchorVert='center', antialias=True, autoLog=True, bold=False, color=array([1, 1, 1]), colorSpace='rgb', contrast=1.0, depth=0.0, flipHoriz=False, flipVert=False, font='Arial', fontFiles=[], height=0.06, italic=False, languageStyle='LTR', name='text_start', opacity=1, ori=0, pos=array([0., 0.]), rgb=UNKNOWN, text='Jetzt geht es los...', units='height', win=Window(...), wrapWidth=1)
83.3319 	EXP 	Created polygon_ISI = ShapeStim(__class__=<class 'psychopy.visual.shape.ShapeStim'>, autoDraw=False, autoLog=True, closeShape=True, color=method-wrapper(...), colorSpace='rgb', contrast=None, depth=0.0, fillColor=array([0, 0, 0]), fillColorSpace='rgb', fillRGB=UNKNOWN, interpolate=True, lineColor=array([0, 0, 0]), lineColorSpace='rgb', lineRGB=UNKNOWN, lineWidth=1, name='polygon_ISI', opacity=1, ori=0.0, pos=array([0., 0.]), size=array([0.5, 0.5]), units='height', vertices=ndarray(...), win=Window(...), windingRule=None)
83.3327 	EXP 	Created polygon = ShapeStim(__class__=<class 'psychopy.visual.shape.ShapeStim'>, autoDraw=False, autoLog=True, closeShape=True, color=method-wrapper(...), colorSpace='rgb', contrast=None, depth=0.0, fillColor=array([1, 1, 1]), fillColorSpace='rgb', fillRGB=UNKNOWN, interpolate=True, lineColor=array([1, 1, 1]), lineColorSpace='rgb', lineRGB=UNKNOWN, lineWidth=1, name='polygon', opacity=1, ori=0.0, pos=array([0., 0.]), size=array([0.1, 0.1]), units='height', vertices=ndarray(...), win=Window(...), windingRule=None)
83.3348 	EXP 	Created primerImage = ImageStim(__class__=<class 'psychopy.visual.image.ImageStim'>, autoLog=True, color=array([1, 1, 1]), colorSpace='rgb', contrast=1.0, depth=-4.0, flipHoriz=False, flipVert=False, image='sin', interpolate=True, mask=None, maskParams=None, name='primerImage', opacity=1, ori=0.0, pos=array([0., 0.]), size=array([0.4  , 0.484]), texRes=512, units='height', win=Window(...))
83.3389 	EXP 	Created response = TextStim(__class__=<class 'psychopy.visual.text.TextStim'>, alignHoriz=method-wrapper(...), alignText='center', alignVert=method-wrapper(...), anchorHoriz='center', anchorVert='center', antialias=True, autoLog=True, bold=False, color=array([1, 1, 1]), colorSpace='rgb', contrast=1.0, depth=-5.0, flipHoriz=False, flipVert=False, font='Arial', fontFiles=[], height=0.06, italic=False, languageStyle='LTR', name='response', opacity=1, ori=0, pos=array([0., 0.]), rgb=UNKNOWN, text=str(...), units='height', win=Window(...), wrapWidth=500)
83.3435 	EXP 	Created text_slider = TextStim(__class__=<class 'psychopy.visual.text.TextStim'>, alignHoriz=method-wrapper(...), alignText='center', alignVert=method-wrapper(...), anchorHoriz='center', anchorVert='center', antialias=True, autoLog=True, bold=False, color=array([1, 1, 1]), colorSpace='rgb', contrast=1.0, depth=0.0, flipHoriz=False, flipVert=False, font='Arial', fontFiles=[], height=0.06, italic=False, languageStyle='LTR', name='text_slider', opacity=1, ori=0, pos=array([0., 0.]), rgb=UNKNOWN, text=str(...), units='height', win=Window(...), wrapWidth=1)
83.3449 	EXP 	window1: mouseVisible = True
83.3478 	EXP 	Created slider_stud = Slider(__class__=<class 'psychopy.visual.slider.Slider'>, autoDraw=False, autoLog=True, borderColor=None, color=None, colorSpace='rgb', depth=-1, fillColor=None, flip=False, font='HelveticaBold', granularity=0, labelHeight=0.05, labelWrapWidth=None, labels=None, name='slider_stud', opacity=None, pos=(0, -0.4), readOnly=False, self=UNKNOWN, size=(1.0, 0.1), style=method-wrapper(...), styleTweaks=method-wrapper(...), ticks=array([1, 2, 3, 4, 5, 6, 7, 8, 9]), units='height', win=Window(...))
83.3515 	EXP 	Created text_ende = TextStim(__class__=<class 'psychopy.visual.text.TextStim'>, alignHoriz=method-wrapper(...), alignText='center', alignVert=method-wrapper(...), anchorHoriz='center', anchorVert='center', antialias=True, autoLog=True, bold=False, color=array([1, 1, 1]), colorSpace='rgb', contrast=1.0, depth=0.0, flipHoriz=False, flipVert=False, font='Arial', fontFiles=[], height=0.06, italic=False, languageStyle='LTR', name='text_ende', opacity=1, ori=0, pos=array([0., 0.]), rgb=UNKNOWN, text='Das wars!\nVielen Dank!', units='height', win=Window(...), wrapWidth=1)
83.3587 	EXP 	slider_ex: autoLog = True
83.3587 	EXP 	slider_ex: markerPos = None
83.3587 	EXP 	slider_ex: rating = None
83.3587 	EXP 	slider_ex: markerPos = None
83.3587 	EXP 	slider_ex: contrast = 1.0
83.3587 	EXP 	slider_ex: autoLog = True
83.3587 	EXP 	slider_ex: styleTweaks = []
83.3587 	EXP 	slider_ex: styleTweaks = ['w', 'h', 'i', 't', 'e', 'O', 'n', 'B', 'l', 'a', 'c', 'k']
83.3587 	EXP 	slider_ex: style = ['rating', 'whiteOnBlack']
83.3587 	EXP 	slider_ex: styleTweaks = ['w', 'h', 'i', 't', 'e', 'O', 'n', 'B', 'l', 'a', 'c', 'k']
83.3587 	EXP 	slider_stud: autoLog = True
83.3587 	EXP 	slider_stud: markerPos = None
83.3587 	EXP 	slider_stud: rating = None
83.3587 	EXP 	slider_stud: markerPos = None
83.3587 	EXP 	slider_stud: contrast = 1.0
83.3587 	EXP 	slider_stud: autoLog = True
83.3587 	EXP 	slider_stud: styleTweaks = []
83.3587 	EXP 	slider_stud: styleTweaks = ['w', 'h', 'i', 't', 'e', 'O', 'n', 'B', 'l', 'a', 'c', 'k']
83.3587 	EXP 	slider_stud: style = ['rating', 'whiteOnBlack']
83.3587 	EXP 	slider_stud: styleTweaks = ['w', 'h', 'i', 't', 'e', 'O', 'n', 'B', 'l', 'a', 'c', 'k']
83.3587 	EXP 	text_intro: autoDraw = True
85.3588 	EXP 	text_intro: autoDraw = False
85.3588 	EXP 	text_probe: autoDraw = True
87.3882 	EXP 	Imported Datasheet_VideoMask_Example_rand.xlsx as conditions, 2 conditions, 12 params
87.3884 	EXP 	Created sequence: sequential, trialTypes=2, nReps=1, seed=None
87.3887 	EXP 	New trial (rep=0, index=0): {'primePerson': 1111, 'primeGender': 'm', 'prime': '1111_m_m_h_a.jpg', 'primeEmotion': 'happy', 'corrAnsPrime': 9, 'target': 'example_30.4ns.avi', 'targetEmotion': 'neutral', 'corrAnsTar': 7, 'Cond': 'incongruent', 'ID_Primer': 120.0, 'ID_Target': 170.0, 'JitterTime': 189.5874364012288}
87.4004 	EXP 	text_intro: autoDraw = False
87.4004 	EXP 	text_probe: autoDraw = False
87.4004 	EXP 	polygon_ISI: autoDraw = True
89.4711 	EXP 	Created movie = MovieStim3(__class__=<class 'psychopy.visual.movie3.MovieStim3'>, autoLog=True, color=UNKNOWN, colorSpace=UNKNOWN, depth=-2.0, filename='example_30.4ns.avi', flipHoriz=False, flipVert=False, fps=UNKNOWN, interpolate=True, loop=False, name='movie', noAudio=False, opacity=1, ori=method-wrapper(...), pos=array([0., 0.]), size=method-wrapper(...), units='pix', vframe_callback=UNKNOWN, volume=UNKNOWN, win=Window(...))
89.7086 	EXP 	polygon_ISI: autoDraw = False
89.7086 	EXP 	polygon_ISI: autoDraw = False
89.7086 	EXP 	movie: autoLog = True
89.7086 	EXP 	movie: movie = 'example_30.4ns.avi'
89.7086 	EXP 	movie: size = array([1280.,  720.])
89.7086 	EXP 	movie: ori = 0
89.7086 	EXP 	primerImage: image = '1111_m_m_h_a.jpg'
89.7086 	EXP 	polygon: autoDraw = True
90.0337 	EXP 	polygon: autoDraw = False
90.0337 	EXP 	movie: autoDraw = True
91.1919 	EXP 	primerImage: autoDraw = True
91.2086 	EXP 	primerImage: autoDraw = False
92.5134 	EXP 	window1: mouseVisible = True
